<?xml version="1.0" encoding="UTF-8" ?>
<testsuite errors="0" failures="1" hostname="ziyal" name="de.fzi.javaDemo.test.Function1Test" skipped="0" tests="2" time="0.202" timestamp="2014-11-25T13:17:47">
  <properties>
[...]
</properties>
  <testcase classname="de.fzi.javaDemo.test.Function1Test" name="test" time="0.0" />
  <testcase classname="de.fzi.javaDemo.test.Function1Test" name="test2" time="0.015">
    <failure type="junit.framework.AssertionFailedError">junit.framework.AssertionFailedError
	at de.fzi.javaDemo.test.Function1Test.test2(Function1Test.java:23)
</failure>
  </testcase>
  <system-out><![CDATA[]]></system-out>
  <system-err><![CDATA[]]></system-err>
</testsuite>
